Task-1: 

|.. 
|.. |.. 
|.. |.. |.. 
|.. |.. |.. |.. 	{3.96, 94.77, 0, 80.88, 3, 2105.62, 16.44, 35.38}
|.. |.. |.. |.. 	{3.92, 89.84, 0, 75.76, 3, 2069.6, 17.14, 28.8}
|.. |.. |.. 
|.. |.. |.. |.. 	{4.0, 127.08, 0, 81.62, 1, 2515.58, 16.43, 30.77}
|.. |.. |.. |.. 	{4.5, 135.71, 0, 78.37, 3, 2650.12, 15.17, 25.42}
|.. |.. 
|.. |.. |.. 
|.. |.. |.. |.. 	{4.19, 110.96, 0, 76.08, 2, 2486.35, 15.68, 26.92}
|.. |.. |.. |.. 	{4.0, 102.38, 0, 71.96, 2, 2288.71, 16.88, 25.83}
|.. |.. |.. 
|.. |.. |.. |.. 	{4.08, 116.88, 0, 78.56, 1, 2371.24, 16.74, 30.0}
|.. |.. |.. |.. 	{4.13, 105.5, 0, 76.46, 2, 2347.12, 17.1, 32.08}
|.. 
|.. |.. 
|.. |.. |.. 
|.. |.. |.. |.. 	{4.38, 136.9, 0, 73.5, 1, 2474.96, 16.67, 24.23}
|.. |.. |.. |.. 	{6.0, 231.8, 0, 72.24, 1, 3143.48, 15.9, 20.0}
|.. |.. |.. 
|.. |.. |.. |.. 	{6.4, 245.56, 0, 76.12, 1, 3450.08, 17.54, 20.0}
|.. |.. |.. |.. 	{6.0, 216.5, 0, 79.33, 1, 3175.67, 16.2, 22.08}
|.. |.. 
|.. |.. |.. 
|.. |.. |.. |.. 	{8.0, 329.04, 0, 77.77, 1, 3940.23, 13.82, 19.23}
|.. |.. |.. |.. 	{8.0, 332.33, 0, 74.12, 1, 4163.5, 13.14, 13.75}
|.. |.. |.. 
|.. |.. |.. |.. 	{8.0, 330.24, 0, 70.92, 1, 4025.2, 12.66, 14.0}
|.. |.. |.. |.. 	{8.0, 410.43, 0, 71.74, 1, 4484.57, 11.22, 11.3}

                 {5.45, 193.43, 0, 76.01, 1, 2970.42, 15.57, 23.84}
                 _ ['Clndrs', 'Volume', 'HpX', 'Model', 'origin', 'Lbs-', 'Acc+', 'Mpg+']
16

Task-2: 
centroid of output cluster:
{4.0, 102.0, 0, 72.12, 2, 2286.46, 16.77, 26.15}
5

Task-3: 
{4.0, 93.67, 0, 76.67, 1, 2053.67, 18.37, 30.0} {5.56, 199.28, 0, 75.77, 1, 3023.62, 15.54, 23.25}
10
