#best, mid
0.19 0.43
0.33 0.42
0.25 0.43
0.39 0.43
0.38 0.43
0.19 0.43
0.31 0.42
0.25 0.43
0.34 0.43
0.38 0.43
0.17 0.43
0.17 0.44
0.38 0.43
0.2 0.43
0.39 0.43
0.19 0.43
0.33 0.52
0.4 0.43
0.37 0.43
0.19 0.43
1. top6:
[[3365, 15.5, 20], [2188, 15.8, 30], [3664, 11, 10], [4633, 11, 10], [3158, 19.5, 20], [3399, 11, 20]]
1. top6:
[[2755, 15.8, 30], [2234, 12.5, 30], [2380, 20.7, 30], [2914, 16, 20], [2740, 16, 20], [1990, 17, 30]]
1. top6:
[[2615, 14.8, 30], [2890, 17.3, 20], [4464, 11.5, 10], [2210, 14.4, 30], [2295, 11.6, 30], [2110, 17.9, 50]]
1. top6:
[[4294, 16, 10], [2130, 14.5, 30], [2155, 14.8, 30], [2720, 13.5, 20], [2108, 15.5, 20], [2835, 14.7, 20]]
1. top6:
[[4354, 9, 10], [2635, 16.4, 30], [4054, 14.3, 20], [1867, 19.5, 30], [2385, 12.9, 30], [1925, 14, 30]]
1. top6:
[[3425, 16.9, 20], [2065, 14.5, 30], [2807, 13.5, 20], [2050, 17.3, 40], [2575, 16.2, 30], [4638, 16, 10]]
1. top6:
[[2230, 14.5, 30], [2123, 14, 30], [2500, 15.1, 40], [2451, 16.5, 30], [2070, 18.6, 40], [1875, 16.4, 40]]
1. top6:
[[1800, 14.4, 40], [4257, 15.5, 10], [2391, 15.5, 30], [2700, 12.9, 30], [4294, 16, 10], [3672, 11.5, 20]]
1. top6:
[[2295, 11.6, 30], [2045, 16.2, 30], [4633, 11, 10], [1985, 16.4, 30], [4294, 16, 10], [2264, 15.5, 30]]
1. top6:
[[2615, 14.8, 30], [2933, 14.5, 20], [2740, 16, 20], [2755, 15.8, 30], [4638, 16, 10], [3725, 13.4, 20]]
1. top6:
[[2745, 16.7, 20], [2875, 17, 20], [1773, 19, 30], [2965, 15.8, 20], [2560, 14.2, 30], [4135, 13.5, 20]]
1. top6:
[[2155, 16.4, 30], [3725, 13.4, 20], [3233, 15.4, 20], [2990, 18.2, 20], [2434, 15, 40], [3282, 15, 20]]
1. top6:
[[2045, 18.5, 30], [1990, 14.9, 30], [2019, 16.4, 40], [2000, 16, 30], [2200, 13.2, 30], [3155, 18.2, 20]]
1. top6:
[[2625, 18.6, 30], [2160, 14.5, 40], [2702, 13.5, 20], [2905, 14.3, 20], [2901, 16, 20], [2401, 19.5, 20]]
1. top6:
[[4335, 14.5, 20], [2395, 18, 30], [4699, 14.5, 10], [2164, 15, 30], [3820, 16.7, 20], [2620, 14.4, 30]]
1. top6:
[[2735, 18, 30], [3574, 21, 20], [3761, 9.5, 20], [1963, 15.5, 30], [2189, 18, 30], [2130, 14.7, 40]]
1. top6:
[[2265, 15.2, 30], [3574, 21, 20], [3430, 17.2, 20], [1963, 15.5, 30], [2634, 13, 20], [3015, 17, 40]]
1. top6:
[[2074, 19.5, 30], [3725, 19, 30], [2046, 19, 30], [2745, 16.7, 20], [2904, 16, 20], [2545, 17, 20]]
1. top6:
[[2335, 23.7, 40], [3230, 20.4, 30], [3725, 13.4, 20], [2226, 16.5, 20], [3735, 13.2, 20], [2542, 17, 30]]
1. top6:
[[3329, 15.5, 20], [1985, 19.4, 30], [2130, 24.6, 40], [2120, 15.5, 30], [4274, 12, 10], [2620, 14.4, 30]]
2. top50:
[[3365, 15.5, 20], [2188, 15.8, 30], [3664, 11, 10], [4633, 11, 10], [3158, 19.5, 20], [3399, 11, 20], [3609, 8, 10], [1875, 16.4, 40], [2740, 16, 20], [2295, 11.6, 30], [3169, 12, 10], [2025, 18.2, 40], [4295, 14.9, 20], [2835, 14.7, 20], [3940, 13.2, 10], [3840, 15.4, 20], [2678, 16.5, 30], [2875, 17, 20], [2246, 14, 30], [4464, 12, 10], [3015, 17, 40], [2833, 15.5, 20], [2671, 13.5, 30], [2905, 14.3, 20], [1925, 14, 30], [2945, 16, 20], [3940, 13, 20], [3962, 13.9, 20], [2401, 19.5, 20], [1760, 16.1, 40], [2050, 17.3, 40], [3900, 17.4, 20], [2395, 18, 30], [2065, 14.5, 30], [4341, 10, 20], [2950, 19.9, 40], [2190, 14.2, 30], [2582, 14, 20], [1980, 15.3, 40], [3205, 11.2, 20], [2930, 13.8, 20], [3430, 17.2, 20], [3035, 20.5, 20], [3880, 12.5, 20], [2200, 13.2, 30], [2158, 15.5, 20], [3021, 16.5, 20], [2725, 12.6, 20], [1773, 19, 30], [3605, 15, 20]]
2. top50:
[[2755, 15.8, 30], [2234, 12.5, 30], [2380, 20.7, 30], [2914, 16, 20], [2740, 16, 20], [1990, 17, 30], [2950, 19.9, 40], [2279, 19, 20], [2265, 18.2, 30], [5140, 12, 10], [4456, 13.5, 10], [1937, 14.2, 30], [2158, 15.5, 20], [2800, 14.4, 30], [3693, 11.5, 20], [3563, 10, 20], [3039, 15, 20], [3504, 12, 20], [3399, 11, 20], [3761, 9.5, 20], [3021, 16.5, 20], [2228, 14, 30], [3535, 19.2, 20], [2711, 15.5, 30], [2123, 14, 30], [2694, 15, 20], [1963, 15.5, 30], [2155, 14.8, 30], [3436, 11, 20], [3211, 17, 20], [3160, 19.6, 30], [1850, 13.8, 40], [2489, 15, 20], [4054, 14.3, 20], [2395, 18, 30], [2830, 15.9, 20], [4077, 14, 10], [2434, 15, 40], [4440, 14, 20], [3725, 13.4, 20], [2640, 18.6, 30], [2592, 18.5, 20], [2870, 18.1, 30], [4042, 14.5, 10], [4955, 11.5, 10], [1925, 14, 30], [2720, 13.5, 20], [3840, 15.4, 20], [2190, 14.2, 30], [1834, 19, 30]]
2. top50:
[[2615, 14.8, 30], [2890, 17.3, 20], [4464, 11.5, 10], [2210, 14.4, 30], [2295, 11.6, 30], [2110, 17.9, 50], [1850, 13.8, 40], [4220, 11.1, 20], [2171, 16, 30], [3445, 13.4, 20], [4165, 11.4, 20], [4654, 13, 10], [2420, 12.5, 20], [2158, 15.5, 20], [2335, 23.7, 40], [1975, 19.4, 40], [2219, 16.5, 30], [3630, 17.7, 20], [4457, 13.5, 10], [2278, 15.5, 20], [2515, 14.8, 20], [2320, 15.8, 30], [3015, 17, 40], [1755, 16.9, 40], [3329, 15.5, 20], [2189, 18, 30], [4732, 18.5, 10], [3003, 20.1, 20], [1825, 18.6, 40], [1835, 17.3, 40], [4997, 14, 10], [2379, 16.5, 20], [2434, 15, 40], [2230, 14.5, 30], [1985, 19.4, 30], [3900, 17.4, 20], [2900, 12.6, 30], [2914, 16, 20], [2595, 11.3, 30], [1915, 14.4, 40], [2870, 18.1, 30], [2065, 17.8, 30], [2875, 17, 20], [2234, 12.5, 30], [2451, 16.5, 30], [4140, 13.7, 20], [2125, 14.7, 40], [2464, 15.5, 30], [2745, 16.7, 20], [2035, 22.2, 30]]
2. top50:
[[4294, 16, 10], [2130, 14.5, 30], [2155, 14.8, 30], [2720, 13.5, 20], [2108, 15.5, 20], [2835, 14.7, 20], [3150, 15.7, 20], [3410, 15.1, 20], [2070, 18.6, 40], [3021, 16.5, 20], [2890, 17.3, 20], [2545, 17, 20], [4657, 13.5, 10], [2833, 15.5, 20], [1760, 16.1, 40], [1970, 17.6, 30], [3821, 11, 10], [2950, 17.3, 30], [4140, 13.7, 20], [2905, 14.3, 20], [2375, 17.5, 30], [2401, 19.5, 20], [3900, 17.4, 20], [3439, 15.5, 20], [2740, 16, 20], [2265, 18.2, 30], [3830, 15.2, 20], [2300, 14.5, 30], [5140, 12, 10], [2735, 18, 30], [4498, 14.5, 20], [2335, 23.7, 40], [1968, 18.8, 40], [2725, 12.6, 20], [4464, 12, 10], [1834, 19, 30], [1867, 19.5, 30], [1945, 16.8, 30], [4054, 14.3, 20], [3530, 20.1, 30], [2720, 19.4, 30], [3955, 13.2, 20], [4699, 14.5, 10], [3425, 16.9, 20], [1755, 16.9, 40], [2278, 15.5, 20], [2255, 17.7, 30], [4382, 13.5, 10], [2592, 18.5, 20], [2050, 17.3, 40]]
2. top50:
[[4354, 9, 10], [2635, 16.4, 30], [4054, 14.3, 20], [1867, 19.5, 30], [2385, 12.9, 30], [1925, 14, 30], [3158, 19.5, 20], [3415, 15.8, 20], [3380, 15.8, 20], [2100, 16.5, 30], [3651, 17.7, 20], [2910, 11.4, 30], [3070, 16.7, 20], [2045, 18.5, 30], [4385, 12, 10], [2350, 16.8, 30], [3230, 20.4, 30], [2833, 15.5, 20], [2130, 14.7, 40], [1850, 13.8, 40], [4129, 13, 10], [2160, 14.5, 40], [2035, 22.2, 30], [2789, 15, 20], [1937, 14.2, 30], [1834, 19, 30], [1795, 17.4, 30], [2265, 18.2, 30], [2265, 15.2, 30], [2200, 13.2, 30], [4363, 13, 10], [3525, 19, 20], [2202, 15.3, 30], [2188, 15.8, 30], [2290, 17, 30], [3420, 22.2, 20], [2108, 15.5, 20], [2582, 14, 20], [2190, 14.2, 30], [2556, 13.2, 30], [2500, 15.1, 40], [2572, 14.9, 30], [3445, 13.4, 20], [2051, 17, 30], [2678, 16.5, 30], [2575, 16.2, 30], [2855, 17.6, 20], [4060, 19, 20], [2774, 15.5, 20], [2330, 13.5, 20]]
2. top50:
[[3425, 16.9, 20], [2065, 14.5, 30], [2807, 13.5, 20], [2050, 17.3, 40], [2575, 16.2, 30], [4638, 16, 10], [2910, 11.4, 30], [2745, 16.7, 20], [3302, 15.5, 20], [3353, 14.5, 20], [2144, 14.7, 40], [3410, 15.8, 20], [3264, 16, 20], [2130, 14.5, 30], [1925, 14, 30], [2634, 13, 20], [3233, 15.4, 20], [2265, 15.5, 30], [3850, 8.5, 20], [3205, 11.2, 20], [4054, 14.3, 20], [2790, 15.6, 30], [2288, 17, 30], [2228, 14, 30], [2720, 15.4, 30], [4215, 12.8, 10], [3725, 19, 30], [3672, 11.5, 10], [3415, 15.8, 20], [2901, 16, 20], [3530, 20.1, 30], [1836, 21, 30], [1800, 14.4, 40], [3329, 15.5, 20], [2189, 18, 30], [2565, 13.6, 30], [3150, 15.7, 20], [3380, 15.8, 20], [2620, 14.4, 30], [3381, 18.7, 20], [2160, 14.5, 40], [1970, 17.6, 30], [2155, 16.4, 30], [2150, 14.9, 30], [3003, 20.1, 20], [1795, 17.5, 30], [3360, 16.6, 20], [2065, 17.8, 30], [4335, 14.5, 20], [3632, 18, 20]]
2. top50:
[[2230, 14.5, 30], [2123, 14, 30], [2500, 15.1, 40], [2451, 16.5, 30], [2070, 18.6, 40], [1875, 16.4, 40], [3630, 17.7, 20], [3060, 17.1, 20], [1925, 14, 30], [4456, 13.5, 10], [2945, 16, 20], [4746, 12, 10], [1915, 14.4, 40], [2219, 16.5, 30], [2155, 16.4, 30], [2120, 15.5, 30], [3955, 13.2, 20], [3278, 18, 20], [3160, 19.6, 30], [2855, 17.6, 20], [2605, 19.6, 30], [2295, 11.6, 30], [2046, 19, 30], [4135, 13.5, 20], [3282, 15, 20], [2126, 17, 30], [3150, 15.7, 20], [3735, 13.2, 20], [2254, 23.5, 20], [3205, 11.2, 20], [2979, 19.5, 20], [3264, 16, 20], [1975, 19.4, 40], [2310, 18.5, 20], [4657, 13.5, 10], [2635, 16.4, 30], [3035, 20.5, 20], [2350, 16.8, 30], [2945, 16.4, 30], [3897, 18.5, 20], [4055, 12, 10], [4354, 9, 10], [2565, 13.6, 30], [2740, 16, 20], [3664, 11, 10], [2220, 16.9, 30], [2625, 18.6, 30], [2930, 13.8, 20], [2506, 14.5, 20], [2720, 15.4, 30]]
2. top50:
[[1800, 14.4, 40], [4257, 15.5, 10], [2391, 15.5, 30], [2700, 12.9, 30], [4294, 16, 10], [3672, 11.5, 20], [3302, 15.5, 20], [4060, 19, 20], [3725, 13.4, 20], [2635, 18.3, 30], [2279, 19, 20], [3139, 14.5, 20], [4456, 13.5, 10], [3336, 17, 20], [3155, 18.2, 20], [2158, 15.5, 20], [2190, 14.1, 30], [3425, 16.9, 20], [2125, 17.3, 40], [2725, 12.6, 20], [1755, 16.9, 40], [3892, 12.5, 20], [3465, 16.6, 20], [3221, 13.5, 20], [4335, 14.5, 20], [2219, 16.5, 30], [2074, 19.5, 30], [2330, 13.5, 20], [2395, 16, 20], [2790, 15.6, 30], [4220, 11.1, 20], [4363, 13, 10], [4135, 13.5, 20], [4422, 12.5, 10], [3645, 16.2, 20], [3504, 12, 20], [2957, 17, 20], [4140, 13.7, 20], [2150, 14.9, 30], [3940, 13.2, 10], [4042, 14.5, 10], [2125, 14.5, 30], [4654, 13, 10], [3436, 11, 20], [3329, 15.5, 20], [4425, 10, 10], [4354, 9, 10], [4385, 12, 10], [1867, 19.5, 30], [3574, 21, 20]]
2. top50:
[[2295, 11.6, 30], [2045, 16.2, 30], [4633, 11, 10], [1985, 16.4, 30], [4294, 16, 10], [2264, 15.5, 30], [2490, 15.7, 30], [2670, 16, 30], [4668, 11.5, 20], [4422, 12.5, 10], [1867, 19.5, 30], [4220, 11.1, 20], [2595, 11.3, 30], [1937, 14, 30], [2625, 18.6, 30], [2234, 12.5, 30], [3755, 14, 10], [2370, 13, 40], [1965, 15.7, 30], [2278, 15.5, 20], [3940, 13, 20], [2605, 19.6, 30], [2800, 14.4, 30], [3574, 21, 20], [2745, 16.7, 20], [2310, 18.5, 20], [2395, 16, 20], [2215, 14.9, 30], [1937, 14.2, 30], [1850, 13.8, 40], [3060, 17.1, 20], [1963, 15.5, 30], [4335, 14.5, 20], [2220, 14, 20], [2145, 18, 30], [2979, 19.5, 20], [4732, 18.5, 10], [2835, 14.7, 20], [1965, 15, 40], [4215, 13, 20], [2755, 15.8, 30], [2070, 18.6, 40], [4354, 9, 10], [2190, 14.1, 30], [3955, 13.2, 20], [2694, 15, 20], [3288, 15.5, 20], [2391, 15.5, 30], [2660, 14, 20], [3205, 11.2, 20]]
2. top50:
[[2615, 14.8, 30], [2933, 14.5, 20], [2740, 16, 20], [2755, 15.8, 30], [4638, 16, 10], [3725, 13.4, 20], [2125, 17.3, 40], [3620, 18.7, 20], [3121, 16.5, 20], [3907, 21, 20], [2640, 18.6, 30], [1955, 20.5, 30], [2395, 18, 30], [3574, 21, 20], [2164, 22.1, 20], [2300, 14.7, 30], [3850, 8.5, 20], [3820, 16.7, 20], [2945, 14.5, 20], [2910, 11.4, 30], [1975, 19.4, 40], [1845, 15.3, 30], [2542, 17, 30], [4257, 15.5, 10], [2330, 13.5, 20], [2556, 13.2, 30], [4060, 19, 20], [4135, 13.5, 20], [2164, 15, 30], [2158, 15.5, 20], [4042, 14.5, 10], [1940, 14.5, 30], [2123, 14, 30], [1965, 15, 40], [1825, 18.6, 40], [2670, 15, 30], [2789, 15, 20], [2145, 18, 30], [2625, 18.6, 30], [4080, 13.7, 20], [2620, 14.4, 30], [2582, 14, 20], [2430, 14.5, 20], [3288, 15.5, 20], [2702, 13.5, 20], [2370, 13, 40], [2188, 15.8, 30], [2003, 19, 30], [2110, 19.2, 40], [3155, 18.2, 20]]
2. top50:
[[2745, 16.7, 20], [2875, 17, 20], [1773, 19, 30], [2965, 15.8, 20], [2560, 14.2, 30], [4135, 13.5, 20], [3070, 16.7, 20], [2635, 16.4, 30], [3439, 15.5, 20], [3410, 15.8, 20], [2700, 12.9, 30], [4376, 15, 10], [3892, 12.5, 20], [1925, 14, 30], [3221, 13.5, 20], [3530, 20.1, 30], [3150, 15.7, 20], [2595, 11.3, 30], [3755, 14, 10], [2506, 14.5, 20], [2045, 18.5, 30], [3693, 11.5, 20], [3425, 16.9, 20], [4699, 14.5, 10], [2702, 13.5, 20], [3449, 10.5, 20], [2051, 17, 30], [3278, 18, 20], [2401, 19.5, 20], [4457, 13.5, 10], [3900, 17.4, 20], [2890, 17.3, 20], [2900, 12.6, 30], [2725, 12.6, 20], [3430, 17.2, 20], [2625, 18.6, 30], [3432, 21, 20], [2615, 14.8, 30], [3381, 18.7, 20], [1800, 14.4, 40], [4215, 12.8, 10], [4906, 12.5, 10], [4668, 11.5, 20], [2085, 21.7, 40], [2123, 14, 30], [4955, 11.5, 10], [3459, 16, 20], [3870, 15, 10], [1867, 19.5, 30], [3940, 13.2, 10]]
2. top50:
[[2155, 16.4, 30], [3725, 13.4, 20], [3233, 15.4, 20], [2990, 18.2, 20], [2434, 15, 40], [3282, 15, 20], [2600, 12.8, 20], [2255, 17.7, 30], [2945, 14.5, 20], [2945, 16.4, 30], [2372, 15, 20], [2620, 14.4, 30], [2774, 15.5, 20], [2408, 19.5, 20], [2000, 16, 30], [4951, 11, 10], [3102, 16.5, 20], [4376, 15, 10], [3962, 13.9, 20], [2288, 17, 30], [2230, 14.5, 30], [2735, 18, 30], [4215, 12.8, 10], [4654, 13, 10], [4077, 14, 10], [3121, 16.5, 20], [2542, 17.5, 30], [2868, 15.5, 20], [2370, 13, 40], [2905, 14.3, 20], [2648, 15, 20], [3525, 19, 20], [2171, 16, 30], [2900, 12.6, 30], [1613, 18, 40], [3820, 16.7, 20], [2950, 17.3, 30], [3735, 13.2, 20], [4638, 16, 10], [2202, 15.3, 30], [2790, 15.6, 30], [4140, 13.7, 20], [4615, 14, 10], [4082, 13, 20], [2391, 15.5, 30], [4141, 14, 20], [2490, 15.7, 30], [2025, 18.2, 40], [3425, 13.2, 20], [2585, 14.5, 30]]
2. top50:
[[2045, 18.5, 30], [1990, 14.9, 30], [2019, 16.4, 40], [2000, 16, 30], [2200, 13.2, 30], [3155, 18.2, 20], [4360, 14.9, 20], [3270, 21.9, 20], [2215, 14.9, 30], [2255, 17.7, 30], [3940, 13.2, 10], [1755, 16.9, 40], [4135, 13.5, 20], [2740, 16, 20], [2930, 15.5, 20], [2228, 14, 30], [2295, 11.6, 30], [3520, 16.4, 20], [3250, 21.8, 30], [2451, 16.5, 30], [3988, 13, 10], [2164, 22.1, 20], [4638, 16, 10], [2525, 16, 30], [3880, 12.5, 20], [2950, 17.3, 30], [2755, 15.8, 30], [2300, 15.5, 30], [1955, 20.5, 30], [3070, 16.7, 20], [4082, 13, 20], [4335, 14.5, 20], [3535, 19.2, 20], [3086, 10, 10], [4382, 13.5, 10], [3962, 13.9, 20], [3820, 16.7, 20], [2223, 16.5, 30], [4668, 11.5, 20], [2220, 14, 20], [3425, 16.9, 20], [2158, 15.5, 20], [2789, 15, 20], [2962, 13.5, 20], [1850, 13.8, 40], [2246, 14, 30], [3140, 13.6, 20], [1968, 18.8, 40], [4440, 14, 20], [3282, 15, 20]]
2. top50:
[[2625, 18.6, 30], [2160, 14.5, 40], [2702, 13.5, 20], [2905, 14.3, 20], [2901, 16, 20], [2401, 19.5, 20], [2051, 17, 30], [2560, 14.2, 30], [2370, 13, 40], [1825, 12.2, 30], [2865, 16.4, 20], [3410, 15.1, 20], [2745, 16.7, 20], [3035, 20.5, 20], [2620, 14.4, 30], [2200, 13.2, 30], [4615, 14, 10], [3336, 17, 20], [4732, 18.5, 10], [2545, 17, 20], [3870, 15, 10], [2807, 13.5, 20], [2035, 22.2, 30], [2670, 15, 30], [2639, 17, 20], [2904, 16, 20], [2135, 16.6, 30], [2472, 14, 20], [3735, 13.2, 20], [2592, 18.5, 20], [1835, 17.3, 40], [3574, 21, 20], [3672, 11.5, 10], [3664, 11, 10], [2585, 14.5, 30], [2215, 14.9, 30], [3850, 8.5, 20], [2790, 15.6, 30], [3645, 16.2, 20], [1963, 15.5, 30], [4360, 14.9, 20], [2830, 15.9, 20], [2125, 17.3, 40], [2671, 13.5, 30], [2202, 15.3, 30], [2130, 14.5, 30], [4735, 11, 10], [1773, 19, 30], [1950, 21, 30], [2065, 14.5, 30]]
2. top50:
[[4335, 14.5, 20], [2395, 18, 30], [4699, 14.5, 10], [2164, 15, 30], [3820, 16.7, 20], [2620, 14.4, 30], [2300, 14.7, 30], [2219, 16.5, 30], [2210, 14.4, 30], [2640, 18.6, 30], [2800, 14.4, 30], [4657, 13.5, 10], [3193, 17.8, 20], [3897, 18.5, 20], [2904, 16, 20], [2035, 22.2, 30], [2385, 12.9, 30], [2489, 15, 20], [1835, 17.3, 40], [3693, 11.5, 20], [4312, 8.5, 10], [1968, 18.8, 40], [2950, 19.9, 40], [1834, 19, 30], [2556, 13.2, 30], [2375, 17.5, 30], [2525, 16, 30], [2700, 12.9, 30], [1965, 15, 40], [1850, 13.8, 40], [4165, 11.4, 20], [2046, 19, 30], [3086, 10, 10], [2515, 14.8, 20], [4140, 13.7, 20], [3432, 21, 20], [3003, 20.1, 20], [2592, 18.5, 20], [3233, 15.4, 20], [3425, 16.9, 20], [2110, 19.2, 40], [1845, 15.3, 30], [2288, 17, 30], [4732, 18.5, 10], [2830, 15.9, 20], [3940, 13.2, 10], [2160, 14.5, 40], [3672, 11.5, 10], [3955, 13.2, 20], [3070, 16.7, 20]]
2. top50:
[[2735, 18, 30], [3574, 21, 20], [3761, 9.5, 20], [1963, 15.5, 30], [2189, 18, 30], [2130, 14.7, 40], [3205, 11.2, 20], [2310, 18.5, 20], [4237, 14.5, 10], [1955, 20.5, 30], [2158, 15.5, 20], [4360, 14.9, 20], [2065, 17.8, 30], [3630, 17.7, 20], [2572, 14.9, 30], [3535, 19.2, 20], [1875, 16.4, 40], [2375, 17.5, 30], [3755, 14, 10], [4456, 13.5, 10], [4955, 11.5, 10], [2265, 15.2, 30], [3121, 16.5, 20], [4906, 12.5, 10], [1975, 15.2, 30], [1867, 19.5, 30], [3139, 14.5, 20], [3840, 15.4, 20], [3003, 20.1, 20], [2130, 14.5, 30], [2565, 13.6, 30], [4054, 14.3, 20], [1825, 18.6, 40], [1836, 21, 30], [2670, 15, 30], [2246, 14, 30], [3211, 17, 20], [3570, 12.8, 20], [4464, 11.5, 10], [2130, 24.6, 40], [3645, 16.2, 20], [2957, 17, 20], [2639, 17, 20], [3060, 17.1, 20], [1950, 21, 30], [1800, 14.4, 40], [4135, 13.5, 20], [4215, 12.8, 10], [2711, 15.5, 30], [2910, 11.4, 30]]
2. top50:
[[2265, 15.2, 30], [3574, 21, 20], [3430, 17.2, 20], [1963, 15.5, 30], [2634, 13, 20], [3015, 17, 40], [3410, 15.1, 20], [2130, 14.7, 40], [2395, 16, 20], [2202, 15.3, 30], [3221, 13.5, 20], [1965, 15.7, 30], [2401, 19.5, 20], [2875, 17, 20], [1975, 15.2, 30], [2950, 17.3, 30], [2395, 18, 30], [1925, 14, 30], [2160, 14.5, 40], [3761, 9.5, 20], [2126, 17, 30], [1850, 13.8, 40], [3121, 16.5, 20], [3282, 15, 20], [3755, 14, 10], [3821, 11, 10], [1955, 20.5, 30], [2678, 16.5, 30], [2125, 17.3, 40], [2542, 17.5, 30], [1800, 16.4, 40], [2405, 14.9, 20], [2795, 15.7, 20], [4096, 13, 10], [2711, 15.5, 30], [2220, 16.9, 30], [4422, 12.5, 10], [4746, 12, 10], [3270, 21.9, 20], [3613, 16.5, 20], [4498, 14.5, 20], [2472, 14, 20], [2130, 24.6, 40], [2155, 16.5, 30], [2490, 15.7, 30], [3070, 16.7, 20], [2391, 15.5, 30], [2560, 14.2, 30], [3288, 15.5, 20], [3645, 16.2, 20]]
2. top50:
[[2074, 19.5, 30], [3725, 19, 30], [2046, 19, 30], [2745, 16.7, 20], [2904, 16, 20], [2545, 17, 20], [2130, 14.5, 30], [2833, 15.5, 20], [2575, 16.2, 30], [5140, 12, 10], [3465, 16.6, 20], [2595, 11.3, 30], [1915, 14.4, 40], [2190, 14.2, 30], [2265, 15.5, 30], [3250, 21.8, 30], [2230, 14.5, 30], [3535, 19.2, 20], [3880, 12.5, 20], [3399, 11, 20], [3121, 16.5, 20], [3150, 15.7, 20], [2790, 15.6, 30], [4440, 14, 20], [2735, 18, 30], [2391, 15.5, 30], [2405, 14.9, 20], [4209, 12, 10], [1970, 17.6, 30], [1649, 16.5, 30], [1990, 14.9, 30], [2145, 18, 30], [2506, 14.5, 20], [1965, 15, 40], [3425, 13.2, 20], [2379, 16.5, 20], [2158, 15.5, 20], [1975, 15.2, 30], [4165, 11.4, 20], [4335, 14.5, 20], [2930, 13.8, 20], [4638, 16, 10], [4100, 13, 10], [2472, 14, 20], [2395, 16, 20], [1990, 17, 30], [2639, 17, 20], [2542, 17, 30], [2300, 15.5, 30], [3672, 11.5, 20]]
2. top50:
[[2335, 23.7, 40], [3230, 20.4, 30], [3725, 13.4, 20], [2226, 16.5, 20], [3735, 13.2, 20], [2542, 17, 30], [4295, 14.9, 20], [2020, 19.2, 30], [2120, 15.5, 30], [4906, 12.5, 10], [4135, 13.5, 20], [2085, 21.7, 40], [3278, 18, 20], [1985, 16.4, 30], [2965, 15.8, 20], [2600, 12.8, 20], [3380, 15.8, 20], [2515, 14.8, 20], [2155, 14.8, 30], [3940, 13, 20], [2720, 15.4, 30], [2789, 15, 20], [4657, 13.5, 10], [2755, 15.8, 30], [3003, 20.1, 20], [2130, 14.5, 30], [3015, 17, 40], [2385, 12.9, 30], [2815, 14.5, 20], [2430, 14.5, 20], [1800, 14.4, 40], [2962, 13.5, 20], [2220, 16.9, 30], [2050, 17.3, 40], [3645, 16.2, 20], [3940, 13.2, 10], [2556, 13.2, 30], [2408, 19, 20], [2592, 18.5, 20], [4165, 11.4, 20], [2395, 18, 30], [2665, 13.9, 30], [3525, 19, 20], [3250, 21.8, 30], [1835, 17.3, 40], [2210, 14.4, 30], [1925, 14, 30], [2506, 14.5, 20], [2870, 18.1, 30], [3410, 15.8, 20]]
2. top50:
[[3329, 15.5, 20], [1985, 19.4, 30], [2130, 24.6, 40], [2120, 15.5, 30], [4274, 12, 10], [2620, 14.4, 30], [2126, 17, 30], [4955, 11.5, 10], [2700, 12.9, 30], [4425, 10, 10], [2490, 15.7, 30], [2640, 18.6, 30], [2160, 14.5, 40], [1836, 21, 30], [2135, 16.6, 30], [2408, 19, 20], [3282, 15, 20], [4082, 13, 20], [2560, 14.2, 30], [1825, 12.2, 30], [2003, 19, 30], [3693, 11.5, 20], [3520, 16.4, 20], [2035, 22.2, 30], [4055, 12, 10], [2420, 12.5, 20], [4220, 11.1, 20], [2130, 14.7, 40], [3672, 11.5, 10], [4237, 14.5, 10], [2164, 22.1, 20], [1985, 21.5, 40], [3086, 10, 10], [2957, 17, 20], [3015, 17, 40], [3158, 19.5, 20], [3940, 13.2, 10], [1845, 15.3, 30], [2735, 18, 30], [2158, 15.5, 20], [2070, 18.6, 40], [3735, 13.2, 20], [3907, 21, 20], [2489, 15, 20], [2372, 15, 20], [3250, 21.8, 30], [4502, 13.5, 10], [3630, 17.7, 20], [2375, 17.5, 30], [3150, 15.7, 20]]
3. most:
[2130, 24.6, 40]
3. most:
[2130, 24.6, 40]
3. most:
[2130, 24.6, 40]
3. most:
[2130, 24.6, 40]
3. most:
[2130, 24.6, 40]
3. most:
[2130, 24.6, 40]
3. most:
[2130, 24.6, 40]
3. most:
[2130, 24.6, 40]
3. most:
[2130, 24.6, 40]
3. most:
[2130, 24.6, 40]
3. most:
[2130, 24.6, 40]
3. most:
[2130, 24.6, 40]
3. most:
[2130, 24.6, 40]
3. most:
[2130, 24.6, 40]
3. most:
[2130, 24.6, 40]
3. most:
[2130, 24.6, 40]
3. most:
[2130, 24.6, 40]
3. most:
[2130, 24.6, 40]
3. most:
[2130, 24.6, 40]
3. most:
[2130, 24.6, 40]
4. rand:
[[2766.75, 14.62, 25.0], [2947.0, 15.94, 24.0], [2890.17, 15.77, 26.67], [2562.0, 15.91, 25.71], [3064.75, 17.21, 25.0], [3163.56, 15.73, 22.22], [2858.7, 16.64, 27.0], [3185.55, 14.39, 23.64], [3473.58, 13.1, 17.5], [2612.46, 16.67, 26.92], [2927.64, 15.89, 25.71], [2667.2, 16.08, 27.33], [3175.38, 15.84, 22.5], [2809.47, 15.48, 25.88], [2983.39, 15.98, 26.67], [3279.21, 15.07, 18.95]]
4. rand:
[[2925.5, 16.62, 22.5], [3143.2, 15.54, 22.0], [3066.17, 13.6, 25.0], [3053.86, 15.46, 20.0], [2878.0, 15.89, 26.25], [2636.0, 16.16, 26.67], [3122.0, 15.65, 23.0], [3327.18, 15.11, 20.0], [2538.58, 14.7, 25.0], [3096.31, 14.82, 23.08], [3007.07, 16.64, 24.29], [2705.07, 16.25, 23.33], [2542.12, 16.81, 29.38], [3256.0, 16.34, 21.18], [2644.44, 15.37, 26.67], [2946.84, 15.99, 23.68]]
4. rand:
[[3341.25, 17.85, 20.0], [2376.4, 16.34, 30.0], [3301.0, 13.13, 21.67], [2960.29, 14.3, 24.29], [2846.12, 15.81, 23.75], [2767.11, 16.93, 24.44], [3078.1, 15.55, 22.0], [2839.91, 15.26, 25.45], [3344.92, 16.06, 20.0], [2840.46, 14.98, 24.62], [2872.93, 15.51, 23.57], [3362.27, 15.4, 19.33], [2751.94, 15.49, 25.0], [2630.24, 14.92, 28.24], [2938.61, 15.17, 24.44], [3210.42, 15.43, 22.63]]
4. rand:
[[2359.75, 14.67, 32.5], [3332.4, 14.16, 18.0], [3395.17, 15.23, 21.67], [2809.86, 16.71, 25.71], [3536.12, 15.9, 20.0], [3478.33, 14.97, 17.78], [3147.9, 16.87, 22.0], [3023.09, 14.57, 20.91], [2750.92, 16.62, 25.83], [2801.31, 16.26, 26.15], [2923.57, 14.78, 23.57], [3137.67, 16.23, 22.67], [3024.12, 15.32, 23.12], [2830.94, 16.61, 24.71], [2807.11, 15.02, 26.11], [3025.26, 16.05, 24.74]]
4. rand:
[[3534.25, 15.43, 20.0], [3436.0, 14.08, 20.0], [2706.17, 14.67, 25.0], [3062.43, 15.9, 24.29], [3295.25, 14.73, 21.25], [2758.22, 14.37, 24.44], [2766.0, 16.36, 26.0], [3206.82, 16.35, 21.82], [2767.42, 16.68, 25.83], [2999.23, 16.82, 26.15], [2972.79, 15.02, 24.29], [3021.87, 15.53, 23.33], [3003.62, 15.32, 21.88], [2638.88, 16.74, 26.47], [2757.39, 15.84, 26.11], [2838.37, 15.59, 24.74]]
4. rand:
[[3245.25, 15.03, 17.5], [2412.4, 16.08, 30.0], [2379.67, 15.55, 25.0], [2515.86, 15.91, 25.71], [2964.88, 16.4, 20.0], [2803.67, 16.48, 24.44], [3136.6, 14.98, 26.0], [3158.27, 15.47, 24.55], [2771.42, 15.59, 25.0], [3483.69, 14.66, 19.23], [2985.5, 15.16, 23.57], [3170.13, 14.19, 22.67], [3039.31, 15.97, 22.5], [3034.88, 14.98, 22.35], [2647.67, 16.44, 25.56], [2962.11, 15.52, 24.21]]
4. rand:
[[2704.0, 15.25, 20.0], [3262.2, 15.66, 20.0], [2533.5, 16.5, 26.67], [2849.29, 15.44, 22.86], [3795.25, 14.35, 18.75], [3502.22, 16.19, 22.22], [2802.3, 16.15, 26.0], [3029.91, 15.07, 22.73], [2386.67, 16.74, 31.67], [2587.69, 15.98, 26.15], [3196.36, 15.13, 23.57], [2554.4, 15.91, 29.33], [2917.06, 15.44, 25.0], [2962.18, 15.02, 23.53], [3237.39, 16.49, 21.11], [3034.53, 15.47, 22.11]]
4. rand:
[[2379.75, 16.4, 25.0], [3673.6, 15.44, 18.0], [2835.5, 16.2, 23.33], [2938.14, 14.07, 24.29], [2869.38, 16.0, 25.0], [2745.44, 14.48, 28.89], [2756.2, 17.23, 25.0], [2965.55, 15.07, 23.64], [3066.58, 14.49, 20.83], [2991.31, 14.83, 22.31], [2935.5, 15.61, 25.0], [2653.13, 15.69, 25.33], [3157.19, 15.12, 23.12], [3024.59, 14.94, 23.53], [3323.06, 14.49, 20.56], [3117.21, 15.24, 22.11]]
4. rand:
[[2746.5, 16.6, 25.0], [3439.4, 14.56, 20.0], [3982.33, 13.5, 16.67], [3204.0, 14.76, 21.43], [2976.12, 17.25, 26.25], [3729.33, 14.07, 18.89], [3092.8, 16.48, 24.0], [2793.18, 15.12, 26.36], [2991.58, 15.88, 23.33], [2913.54, 15.77, 23.08], [3187.64, 14.98, 22.86], [2755.2, 15.77, 26.0], [3006.88, 15.73, 23.75], [2924.12, 16.54, 23.53], [2843.5, 15.51, 23.89], [2902.74, 15.28, 24.21]]
4. rand:
[[2833.25, 16.68, 27.5], [2250.8, 17.32, 32.0], [2765.17, 17.45, 25.0], [2769.29, 17.2, 25.71], [3238.12, 15.83, 22.5], [3158.78, 16.06, 24.44], [2852.3, 17.93, 27.0], [2914.73, 13.95, 20.91], [3137.33, 16.78, 24.17], [3037.54, 16.14, 21.54], [3009.86, 15.24, 22.14], [2794.0, 15.93, 24.67], [2750.94, 15.88, 25.62], [2767.82, 16.09, 25.29], [2769.78, 15.94, 26.11], [3057.47, 15.66, 22.11]]
4. rand:
[[3720.5, 14.27, 22.5], [2863.8, 14.78, 24.0], [3132.0, 14.58, 21.67], [2820.29, 15.43, 24.29], [3001.0, 15.74, 21.25], [2767.44, 15.68, 25.56], [3010.8, 15.3, 21.0], [2823.73, 15.1, 24.55], [2848.75, 15.32, 25.83], [2823.08, 15.16, 23.85], [3057.21, 15.74, 21.43], [3033.13, 15.25, 22.67], [2758.38, 15.95, 26.25], [3064.53, 16.04, 22.35], [2992.28, 14.19, 22.78], [3070.0, 15.48, 24.21]]
4. rand:
[[3259.25, 13.18, 17.5], [3337.2, 14.6, 22.0], [2938.67, 15.98, 25.0], [2767.14, 16.5, 28.57], [3366.38, 12.76, 18.75], [3094.0, 14.83, 24.44], [3205.3, 14.1, 21.0], [2937.45, 16.67, 22.73], [2730.17, 15.65, 26.67], [3013.62, 14.51, 20.77], [3357.64, 16.12, 20.71], [2820.07, 15.76, 25.33], [3081.19, 16.0, 22.5], [3082.06, 15.63, 24.71], [2831.06, 15.27, 24.44], [2952.16, 15.53, 25.26]]
4. rand:
[[3151.25, 15.7, 20.0], [3318.8, 15.5, 24.0], [3198.83, 16.17, 18.33], [3038.86, 14.24, 22.86], [3079.0, 15.11, 23.75], [3109.22, 15.41, 22.22], [2792.3, 16.33, 28.0], [2588.45, 16.42, 27.27], [2685.25, 15.45, 27.5], [2915.46, 15.78, 20.77], [2739.14, 15.71, 24.29], [2957.47, 16.22, 23.33], [2504.38, 17.44, 31.25], [2880.24, 15.3, 25.29], [2946.56, 15.84, 24.44], [2779.89, 16.03, 23.68]]
4. rand:
[[3158.0, 14.18, 22.5], [2645.4, 14.96, 26.0], [2810.17, 16.07, 23.33], [3371.86, 15.6, 20.0], [2652.75, 15.55, 26.25], [2916.44, 15.71, 23.33], [2856.9, 14.52, 22.0], [3353.36, 15.19, 19.09], [2990.42, 14.61, 22.5], [2907.77, 16.25, 23.08], [3102.5, 15.31, 22.86], [2820.53, 15.88, 24.67], [3104.31, 15.96, 22.5], [3162.24, 15.51, 22.35], [3105.5, 15.52, 23.33], [2830.26, 16.02, 24.74]]
4. rand:
[[4408.0, 11.05, 12.5], [2805.6, 15.7, 24.0], [2949.67, 17.4, 21.67], [2883.71, 17.83, 24.29], [2832.62, 16.19, 26.25], [2807.0, 16.13, 24.44], [2836.6, 14.8, 26.0], [2802.36, 15.24, 23.64], [3226.25, 14.84, 20.0], [3121.54, 16.14, 21.54], [2893.93, 14.66, 26.43], [3318.0, 14.59, 20.0], [3011.88, 15.28, 23.75], [3000.06, 16.91, 23.53], [2972.78, 15.51, 22.22], [3178.05, 14.66, 22.11]]
4. rand:
[[2416.75, 15.8, 25.0], [2849.6, 15.82, 22.0], [2884.67, 14.98, 25.0], [3334.86, 16.43, 24.29], [2610.5, 15.25, 27.5], [3003.33, 16.13, 24.44], [2873.6, 15.9, 26.0], [2921.55, 14.85, 23.64], [2990.58, 14.43, 25.83], [3241.23, 14.2, 21.54], [2738.93, 15.89, 28.57], [2891.33, 15.47, 26.67], [3148.06, 15.19, 21.88], [2917.76, 14.52, 24.12], [2698.0, 15.27, 26.11], [2863.0, 16.33, 27.89]]
4. rand:
[[2240.0, 17.12, 30.0], [2417.8, 14.84, 28.0], [3019.5, 14.85, 21.67], [3188.86, 13.47, 22.86], [2760.88, 15.47, 26.25], [2635.78, 15.49, 26.67], [3051.6, 15.12, 23.0], [3303.82, 15.95, 22.73], [3261.08, 15.42, 22.5], [2620.62, 16.14, 29.23], [2608.79, 16.48, 26.43], [2761.8, 16.2, 24.67], [2860.12, 15.68, 23.75], [2632.0, 15.62, 25.29], [3222.11, 14.32, 22.78], [3031.21, 16.01, 23.16]]
4. rand:
[[3575.5, 14.02, 17.5], [3144.4, 13.34, 22.0], [3178.0, 15.47, 23.33], [2495.0, 14.93, 25.71], [2826.25, 15.16, 23.75], [2717.44, 15.82, 23.33], [2884.3, 15.12, 23.0], [2871.27, 16.15, 23.64], [2970.92, 14.11, 23.33], [2816.23, 15.54, 25.38], [3528.14, 14.21, 18.57], [3035.27, 16.15, 23.33], [2924.0, 15.43, 25.0], [2956.88, 16.2, 24.71], [2840.89, 15.57, 24.44], [3050.16, 15.79, 22.63]]
4. rand:
[[2480.0, 16.43, 30.0], [3824.4, 12.88, 20.0], [3126.0, 14.93, 23.33], [2645.86, 15.17, 27.14], [2690.25, 14.35, 26.25], [2810.0, 15.91, 25.56], [3130.1, 15.07, 23.0], [3032.0, 14.07, 26.36], [2568.5, 16.69, 30.0], [2994.54, 15.67, 23.08], [2583.14, 16.94, 28.57], [2821.93, 15.47, 23.33], [3037.38, 15.56, 24.38], [3027.29, 15.66, 22.35], [2916.22, 16.27, 23.33], [3079.47, 15.1, 23.16]]
4. rand:
[[2067.5, 16.03, 30.0], [2666.6, 17.0, 30.0], [2977.83, 15.18, 25.0], [3065.71, 12.76, 25.71], [3047.38, 14.94, 21.25], [3441.67, 16.21, 21.11], [3262.8, 15.57, 21.0], [3407.36, 15.37, 22.73], [3165.33, 14.79, 20.83], [3147.0, 15.88, 23.08], [2641.07, 16.38, 27.86], [3406.13, 14.67, 20.67], [2884.12, 14.53, 26.25], [3074.24, 15.22, 25.29], [3181.89, 15.41, 22.78], [3080.32, 15.07, 24.21]]
5. mid:
[[2366.25, 16.4, 29.07], [2360.18, 16.4, 29.02], [2319.46, 16.55, 29.42], [3104.14, 15.39, 22.61], [2310.71, 16.54, 29.46], [2312.72, 16.53, 29.41], [2314.32, 16.49, 29.28], [2314.32, 16.49, 29.28], [2313.36, 16.48, 29.32], [2310.6, 16.49, 29.36], [2310.6, 16.49, 29.36], [2311.15, 16.5, 29.36], [2312.09, 16.51, 29.36], [2316.38, 16.49, 29.31], [2316.38, 16.49, 29.31], [2316.38, 16.49, 29.31]]
5. mid:
[[2435.49, 16.46, 28.16], [2312.67, 16.55, 29.32], [2339.38, 16.47, 29.07], [2331.98, 16.51, 29.1], [2329.88, 16.53, 29.09], [2329.31, 16.55, 29.13], [2326.41, 16.56, 29.18], [2324.79, 16.57, 29.22], [2324.79, 16.57, 29.22], [2324.79, 16.57, 29.22], [2322.49, 16.46, 30.0], [2320.8, 16.45, 29.94], [2328.4, 16.48, 29.71], [2316.05, 16.59, 29.82], [2309.27, 16.55, 29.83], [2313.92, 16.57, 29.82]]
5. mid:
[[2374.74, 16.46, 28.85], [2751.48, 16.2, 25.94], [2372.58, 16.43, 28.85], [2358.16, 16.47, 29.12], [2341.0, 16.53, 29.06], [2341.0, 16.53, 29.06], [2327.73, 16.6, 29.26], [2327.73, 16.6, 29.26], [2348.17, 16.65, 31.33], [2342.94, 16.64, 31.35], [2347.72, 16.66, 31.42], [2324.18, 16.6, 29.3], [2322.83, 16.59, 29.35], [2323.91, 16.58, 29.24], [2321.34, 16.59, 29.29], [2323.91, 16.58, 29.24]]
5. mid:
[[2531.08, 16.55, 27.42], [2567.17, 16.47, 27.0], [2445.85, 16.47, 28.2], [2489.64, 16.43, 27.6], [2391.79, 16.33, 26.14], [3041.64, 15.49, 23.26], [2293.79, 16.43, 26.78], [2287.76, 16.44, 26.76], [3020.89, 15.57, 23.39], [3017.19, 15.57, 23.43], [2530.8, 15.98, 27.87], [2530.8, 15.98, 27.87], [2530.8, 15.98, 27.87], [2336.75, 16.48, 29.34], [2336.75, 16.48, 29.34], [2326.63, 16.51, 29.43]]
5. mid:
[[3020.94, 15.32, 23.28], [2363.26, 16.4, 28.88], [2363.26, 16.4, 28.88], [3017.68, 15.47, 23.57], [3017.68, 15.47, 23.57], [3021.0, 15.47, 23.53], [3021.41, 15.47, 23.51], [3017.57, 15.49, 23.53], [3017.57, 15.49, 23.53], [3018.31, 15.49, 23.54], [3018.31, 15.49, 23.54], [3014.04, 15.51, 23.55], [3015.15, 15.51, 23.53], [2344.58, 16.5, 29.0], [2334.66, 16.51, 29.09], [2334.66, 16.51, 29.09]]
5. mid:
[[2315.81, 16.56, 29.37], [2317.09, 16.55, 29.32], [2328.59, 16.53, 29.23], [2328.59, 16.53, 29.23], [2328.59, 16.53, 29.23], [2328.59, 16.53, 29.23], [2323.67, 16.52, 29.37], [2318.75, 16.51, 29.36], [2318.45, 16.49, 29.36], [2318.45, 16.49, 29.36], [2319.26, 16.49, 29.36], [2319.18, 16.45, 29.3], [2318.07, 16.45, 29.3], [2325.27, 16.45, 29.26], [2323.55, 16.45, 29.25], [2323.55, 16.45, 29.25]]
5. mid:
[[3118.85, 15.34, 22.83], [2353.03, 16.43, 28.96], [2962.34, 15.41, 24.19], [2966.14, 15.41, 24.17], [2964.33, 15.4, 24.18], [2964.33, 15.4, 24.18], [2982.84, 15.28, 24.11], [2978.79, 15.29, 24.13], [2972.76, 15.29, 24.17], [2976.51, 15.29, 24.15], [2978.86, 15.28, 24.17], [2975.45, 15.29, 24.22], [2975.45, 15.29, 24.22], [2314.86, 16.57, 29.44], [2317.98, 16.59, 29.49], [2319.2, 16.62, 29.48]]
5. mid:
[[2387.83, 16.33, 28.83], [2476.3, 16.44, 27.85], [2411.35, 16.42, 28.49], [2395.17, 16.41, 28.74], [2405.89, 16.43, 28.67], [2376.72, 16.42, 28.98], [2376.26, 16.4, 28.89], [2361.78, 16.4, 29.05], [2361.78, 16.4, 29.05], [2344.82, 16.41, 29.16], [2345.4, 16.43, 29.2], [2345.4, 16.43, 29.2], [2352.18, 16.42, 29.25], [2354.84, 16.42, 29.21], [2348.99, 16.42, 29.29], [2347.46, 16.43, 29.29]]
5. mid:
[[2309.79, 16.61, 29.5], [2564.29, 16.49, 27.02], [2458.38, 16.39, 27.93], [2323.84, 16.58, 29.33], [2315.21, 16.58, 29.41], [2363.56, 16.41, 28.88], [2350.15, 16.4, 29.03], [2312.24, 16.58, 29.45], [2311.36, 16.57, 29.49], [2308.73, 16.58, 29.54], [2308.73, 16.58, 29.54], [2308.73, 16.58, 29.54], [2309.97, 16.59, 29.54], [2309.97, 16.59, 29.54], [2310.53, 16.57, 29.49]]
5. mid:
[[2369.0, 16.48, 28.68], [2371.82, 16.41, 28.89], [2403.2, 16.42, 28.6], [2365.12, 16.43, 28.97], [2363.01, 16.47, 28.95], [2908.4, 15.36, 24.66], [2346.8, 16.48, 29.07], [2342.03, 16.51, 29.1], [2323.83, 16.57, 29.27], [2332.98, 16.55, 29.18], [2321.18, 16.58, 29.32], [2321.18, 16.58, 29.32], [2321.18, 16.58, 29.32], [2332.0, 16.51, 29.23], [2340.94, 16.5, 29.15], [2321.76, 16.58, 29.31]]
5. mid:
[[2387.87, 16.4, 28.62], [2365.37, 16.39, 28.92], [2384.07, 16.39, 28.72], [2394.39, 16.42, 28.68], [2398.71, 16.42, 28.81], [2315.4, 16.49, 29.4], [2360.31, 16.39, 29.16], [2352.91, 16.37, 29.2], [2352.91, 16.37, 29.2], [2351.84, 16.36, 29.15], [2351.84, 16.36, 29.15], [2344.07, 16.4, 29.14], [2344.07, 16.4, 29.14], [2357.77, 16.38, 29.15], [2357.77, 16.38, 29.15], [2347.14, 16.38, 29.28]]
5. mid:
[[2568.62, 16.47, 26.96], [2570.55, 16.47, 26.95], [2453.85, 16.42, 28.02], [2364.04, 16.41, 28.97], [2358.09, 16.4, 29.05], [2358.09, 16.4, 29.05], [2359.94, 16.38, 29.05], [2354.61, 16.42, 29.04], [2320.41, 16.51, 29.32], [2325.35, 16.5, 29.23], [2323.53, 16.41, 29.6], [2323.53, 16.41, 29.6], [2311.98, 16.49, 29.36], [2349.78, 16.32, 28.93], [2349.78, 16.32, 28.93], [2348.38, 16.32, 28.92]]
5. mid:
[ [2188.95, 16.71, 35.5], [2365.64, 16.47, 30.68], [2360.3, 16.48, 30.75], [2334.04, 16.75, 32.72], [2344.68, 16.7, 32.18], [2396.48, 16.51, 31.64], [2293.39, 16.55, 29.89], [2310.08, 16.59, 29.41], [2336.27, 16.5, 29.15], [2329.68, 16.52, 29.18], [2329.68, 16.52, 29.18], [2329.68, 16.52, 29.18], [2330.48, 16.53, 29.18], [2331.35, 16.53, 29.17], [2330.77, 16.56, 29.22]]
5. mid:
[[2186.95, 16.41, 26.98], [2188.71, 16.56, 29.38], [2324.55, 16.5, 29.18], [2372.28, 16.3, 28.65], [2372.28, 16.3, 28.65], [2370.6, 16.3, 28.65], [2404.29, 16.23, 28.37], [2404.29, 16.23, 28.37], [2404.29, 16.23, 28.37], [2404.29, 16.23, 28.37], [2404.29, 16.23, 28.37], [2406.48, 16.21, 28.37], [2406.48, 16.21, 28.37], [2403.44, 16.19, 28.41], [2403.44, 16.19, 28.41], [2313.47, 16.46, 29.24]]
5. mid:
[[2543.25, 16.54, 27.38], [2491.07, 16.51, 27.92], [2588.13, 16.42, 27.38], [2589.12, 16.43, 28.48], [2571.85, 16.44, 27.5], [2426.31, 16.5, 28.53], [2463.76, 16.46, 28.63], [2452.34, 16.51, 28.49], [2447.07, 16.46, 28.76], [2369.34, 16.45, 28.96], [2365.86, 16.45, 29.05], [2359.23, 16.46, 29.12], [2355.98, 16.46, 29.17], [2324.75, 16.58, 29.36]]
5. mid:
[[2711.73, 16.2, 26.14], [2697.91, 16.26, 26.3], [2542.35, 16.41, 27.55], [2354.51, 16.45, 29.0], [2357.49, 16.44, 29.04], [2353.09, 16.46, 29.08], [2348.12, 16.45, 29.07], [2353.59, 16.47, 29.07], [2354.84, 16.44, 29.02], [2359.26, 16.42, 28.99], [2349.0, 16.43, 29.11], [2348.79, 16.41, 29.06], [3026.14, 15.44, 23.55], [2343.07, 16.41, 29.09], [2343.07, 16.41, 29.09], [2327.37, 16.46, 29.16]]
5. mid:
[[2369.59, 16.36, 28.86], [2352.58, 16.49, 29.17], [2363.43, 16.36, 29.01], [2912.43, 15.32, 24.69], [2915.43, 15.32, 24.66], [2915.43, 15.32, 24.66], [2743.29, 15.61, 26.19], [2743.29, 15.61, 26.19], [2745.14, 15.6, 26.22], [2745.14, 15.6, 26.22], [2942.59, 15.29, 24.51], [2942.59, 15.29, 24.51], [2944.46, 15.3, 24.53], [2835.29, 15.42, 25.53], [2838.02, 15.43, 25.53], [2838.02, 15.43, 25.53]]
5. mid:
[[4009.65, 13.35, 15.88], [4009.65, 13.35, 15.88], [2566.96, 16.47, 27.02], [2566.96, 16.47, 27.02], [2530.95, 16.47, 27.35], [2558.92, 16.48, 27.09], [2543.04, 16.48, 27.2], [2474.99, 16.46, 27.93], [2495.98, 16.45, 27.71], [2507.45, 16.46, 27.62], [2399.79, 16.45, 28.64], [2358.94, 16.41, 29.1], [2350.13, 16.45, 29.08], [2352.44, 16.5, 29.12], [2338.73, 16.51, 29.15], [2350.15, 16.47, 29.07]]
5. mid:
[[2605.4, 16.4, 30.34], [2570.57, 16.48, 26.96], [2665.9, 16.28, 28.94], [2665.9, 16.28, 28.94], [2537.58, 16.38, 29.26], [2455.53, 16.52, 30.51], [2410.94, 16.32, 29.62], [2408.75, 16.32, 29.38], [2372.61, 16.33, 30.12], [2383.6, 16.51, 30.66], [2307.13, 16.59, 29.46], [2316.23, 16.58, 29.31], [2313.9, 16.59, 29.31], [2309.71, 16.57, 29.31], [2309.71, 16.57, 29.31], [2325.26, 16.53, 29.22]]
5. mid:
[[2312.98, 16.54, 29.32], [2326.73, 16.52, 29.2], [2326.73, 16.52, 29.2], [2329.56, 16.51, 29.15], [2329.56, 16.51, 29.15], [2321.67, 16.55, 29.33], [2329.86, 16.51, 29.15], [2318.63, 16.52, 29.27], [2316.76, 16.53, 29.32], [2316.76, 16.53, 29.32], [2322.49, 16.52, 29.27], [2322.49, 16.52, 29.27], [2729.66, 15.63, 26.08], [2315.97, 16.54, 29.35], [2315.97, 16.54, 29.35], [2318.83, 16.57, 29.39]]
6. top:
[[2720, 19.4, 30], [2720, 19.4, 30], [2720, 19.4, 30], [2720, 19.4, 30], [2335, 23.7, 40], [2335, 23.7, 40], [2335, 23.7, 40], [2335, 23.7, 40], [2335, 23.7, 40], [2335, 23.7, 40], [2335, 23.7, 40], [2335, 23.7, 40], [2335, 23.7, 40], [2335, 23.7, 40], [2335, 23.7, 40], [2335, 23.7, 40]]
6. top:
[[2019, 16.4, 40], [2019, 16.4, 40], [2019, 16.4, 40], [2019, 16.4, 40], [2019, 16.4, 40], [2019, 16.4, 40], [2019, 16.4, 40], [2019, 16.4, 40], [2019, 16.4, 40], [2019, 16.4, 40], [2019, 16.4, 40], [2019, 16.4, 40], [2019, 16.4, 40], [2019, 16.4, 40], [2019, 16.4, 40], [2019, 16.4, 40]]
6. top:
[[2245, 16.9, 30], [2245, 16.9, 30], [2245, 16.9, 30], [2025, 18.2, 40], [2025, 18.2, 40], [2025, 18.2, 40], [2025, 18.2, 40], [2025, 18.2, 40], [2025, 18.2, 40], [2025, 18.2, 40], [2025, 18.2, 40], [2025, 18.2, 40], [2025, 18.2, 40], [2110, 17.9, 50], [2110, 17.9, 50], [2110, 17.9, 50]]
6. top:
[[3270, 21.9, 20], [3270, 21.9, 20], [3270, 21.9, 20], [3270, 21.9, 20], [2511, 18, 20], [2511, 18, 20], [2511, 18, 20], [2511, 18, 20], [2511, 18, 20], [2511, 18, 20], [2205, 14.5, 40], [2205, 14.5, 40], [2205, 14.5, 40], [2205, 14.5, 40], [2205, 14.5, 40], [2205, 14.5, 40]]
6. top:
[[2189, 18, 30], [2189, 18, 30], [2189, 18, 30], [2189, 18, 30], [2189, 18, 30], [2189, 18, 30], [2189, 18, 30], [2189, 18, 30], [2189, 18, 30], [2189, 18, 30], [2189, 18, 30], [2189, 18, 30], [2189, 18, 30], [2189, 18, 30], [2189, 18, 30], [2189, 18, 30]]
6. top:
[[2395, 18, 30], [2395, 18, 30], [1867, 19.5, 30], [1867, 19.5, 30], [1867, 19.5, 30], [1867, 19.5, 30], [1867, 19.5, 30], [1867, 19.5, 30], [1867, 19.5, 30], [1867, 19.5, 30], [1867, 19.5, 30], [2335, 23.7, 40], [2335, 23.7, 40], [2335, 23.7, 40], [2335, 23.7, 40], [2335, 23.7, 40]]
6. top:
[[2125, 17.3, 40], [2125, 17.3, 40], [2125, 17.3, 40], [2125, 17.3, 40], [2125, 17.3, 40], [2125, 17.3, 40], [2125, 17.3, 40], [2125, 17.3, 40], [2125, 17.3, 40], [2125, 17.3, 40], [2125, 17.3, 40], [2125, 17.3, 40], [2125, 17.3, 40], [2125, 17.3, 40], [2125, 17.3, 40], [2125, 17.3, 40]]
6. top:
[[2635, 16.4, 30], [2635, 16.4, 30], [2110, 19.2, 40], [2110, 19.2, 40], [2110, 19.2, 40], [2110, 19.2, 40], [2110, 19.2, 40], [2110, 19.2, 40], [2110, 19.2, 40], [2110, 19.2, 40], [2110, 19.2, 40], [2110, 19.2, 40], [2110, 19.2, 40], [2110, 19.2, 40], [2110, 19.2, 40], [2110, 19.2, 40]]
6. top:
[[2126, 17, 30], [2126, 17, 30], [2126, 17, 30], [2126, 17, 30], [2126, 17, 30], [2126, 17, 30], [2126, 17, 30], [2720, 19.4, 30], [2720, 19.4, 30], [2380, 20.7, 30], [2380, 20.7, 30], [2380, 20.7, 30], [2380, 20.7, 30], [2380, 20.7, 30], [2380, 20.7, 30], [2380, 20.7, 30]]
6. top:
[[2189, 18, 30], [2189, 18, 30], [2189, 18, 30], [2189, 18, 30], [2189, 18, 30], [2189, 18, 30], [2189, 18, 30], [2189, 18, 30], [2189, 18, 30], [2189, 18, 30], [2189, 18, 30], [2189, 18, 30], [2189, 18, 30], [2189, 18, 30], [2189, 18, 30], [2189, 18, 30]]
6. top:
[[1825, 18.6, 40], [2130, 24.6, 40], [2130, 24.6, 40], [2130, 24.6, 40], [2130, 24.6, 40], [2130, 24.6, 40], [2130, 24.6, 40], [2130, 24.6, 40], [2130, 24.6, 40], [2130, 24.6, 40], [2130, 24.6, 40], [2130, 24.6, 40], [2130, 24.6, 40], [2130, 24.6, 40], [2130, 24.6, 40], [2130, 24.6, 40]]
6. top:
[[3160, 19.6, 30], [2003, 19, 30], [2003, 19, 30], [2003, 19, 30], [2003, 19, 30], [2003, 19, 30], [1950, 19, 30], [1950, 19, 30], [1950, 19, 30], [1950, 19, 30], [1950, 19, 30], [1950, 19, 30], [2380, 20.7, 30], [2130, 24.6, 40], [2130, 24.6, 40], [2130, 24.6, 40]]
6. top:
[[2160, 14.5, 40], [2065, 17.8, 30], [2065, 17.8, 30], [2065, 17.8, 30], [2065, 17.8, 30], [2065, 17.8, 30], [2065, 17.8, 30], [2065, 17.8, 30], [2065, 17.8, 30], [2065, 17.8, 30], [2065, 17.8, 30], [2065, 17.8, 30], [2065, 17.8, 30], [2065, 17.8, 30], [2065, 17.8, 30], [2065, 17.8, 30]]
6. top:
[[1835, 20.5, 30], [1835, 20.5, 30], [1835, 20.5, 30], [2085, 21.7, 40], [2085, 21.7, 40], [2085, 21.7, 40], [2085, 21.7, 40], [2085, 21.7, 40], [2085, 21.7, 40], [2085, 21.7, 40], [2085, 21.7, 40], [2085, 21.7, 40], [2085, 21.7, 40], [2085, 21.7, 40], [2085, 21.7, 40], [2085, 21.7, 40]]
6. top:
[[2660, 14, 20], [2124, 13.5, 20], [2965, 15.8, 20], [2965, 15.8, 20], [3003, 20.1, 20], [2370, 13, 40], [2370, 13, 40], [2370, 13, 40], [2370, 13, 40], [2370, 13, 40], [2370, 13, 40], [1795, 17.4, 30], [1795, 17.4, 30], [1795, 17.4, 30], [1795, 17.4, 30], [1795, 17.4, 30]]
6. top:
[[2228, 14, 30], [2228, 14, 30], [2000, 16, 30], [3190, 24.8, 30], [3190, 24.8, 30], [3190, 24.8, 30], [3190, 24.8, 30], [3190, 24.8, 30], [2085, 21.7, 40], [2085, 21.7, 40], [2085, 21.7, 40], [2085, 21.7, 40], [1985, 21.5, 40], [1985, 21.5, 40], [1985, 21.5, 40], [1985, 21.5, 40]]
6. top:
[[1835, 20.5, 30], [1835, 20.5, 30], [1835, 20.5, 30], [1835, 20.5, 30], [1835, 20.5, 30], [1835, 20.5, 30], [1835, 20.5, 30], [1835, 20.5, 30], [1835, 20.5, 30], [1835, 20.5, 30], [1835, 20.5, 30], [1835, 20.5, 30], [1835, 20.5, 30], [1835, 20.5, 30], [1835, 20.5, 30], [1835, 20.5, 30]]
6. top:
[[2379, 16.5, 20], [2379, 16.5, 20], [2379, 16.5, 20], [2379, 16.5, 20], [2379, 16.5, 20], [2379, 16.5, 20], [2592, 18.5, 20], [2592, 18.5, 20], [2592, 18.5, 20], [2592, 18.5, 20], [2592, 18.5, 20], [2640, 18.6, 30], [2640, 18.6, 30], [2640, 18.6, 30], [2640, 18.6, 30], [2640, 18.6, 30]]
6. top:
[[2542, 17.5, 30], [2542, 17.5, 30], [2542, 17.5, 30], [2542, 17.5, 30], [2542, 17.5, 30], [2542, 17.5, 30], [2542, 17.5, 30], [2542, 17.5, 30], [2542, 17.5, 30], [2542, 17.5, 30], [1965, 15, 40], [1965, 15, 40], [1965, 15, 40], [1965, 15, 40], [1965, 15, 40], [1965, 15, 40]]
6. top:
[[2130, 14.5, 30], [2625, 18.6, 30], [2625, 18.6, 30], [2625, 18.6, 30], [2625, 18.6, 30], [2265, 18.2, 30], [2265, 18.2, 30], [2110, 19.2, 40], [2110, 19.2, 40], [2110, 19.2, 40], [1985, 21.5, 40], [1985, 21.5, 40], [1985, 21.5, 40], [1985, 21.5, 40], [1985, 21.5, 40], [1985, 21.5, 40]]
