TASK-1:


date: 03/03/24 14:58:22
file: ../data/auto93.csv
repeats : 20
seed: 31210
rows: 398
cols: 8
#
names		 Clndrs	Volume	HpX	Model	origin	Lbs-	Acc+	Mpg+	 D2h--
mid		 5.45	193.43	0	76.01	1	2970.42	15.57	23.84	 0.54
div		 1.7	104.27	0	3.7	1.33	846.84	2.76	8.34	 0.98
#
smo9:		 4	98	65	81	1	2380	20.7	30 	 0.34
smo9:		 4	98	65	81	1	2380	20.7	30 	 0.34
smo9:		 5	121	67	80	2	2950	19.9	40 	 0.31
smo9:		 5	121	67	80	2	2950	19.9	40 	 0.31
smo9:		 5	121	67	80	2	2950	19.9	40 	 0.31
smo9:		 4	71	65	71	3	1773	19	30 	 0.35
smo9:		 4	71	65	71	3	1773	19	30 	 0.35
smo9:		 4	71	65	71	3	1773	19	30 	 0.35
smo9:		 4	71	65	71	3	1773	19	30 	 0.35
smo9:		 4	71	65	71	3	1773	19	30 	 0.35
smo9:		 4	85	52	76	1	2035	22.2	30 	 0.31
smo9:		 4	85	52	76	1	2035	22.2	30 	 0.31
smo9:		 4	85	52	76	1	2035	22.2	30 	 0.31
smo9:		 4	85	52	76	1	2035	22.2	30 	 0.31
smo9:		 4	85	52	76	1	2035	22.2	30 	 0.31
smo9:		 4	100	?	81	2	2320	15.8	30 	 0.44
smo9:		 4	141	80	81	2	3230	20.4	30 	 0.42
smo9:		 4	120	74	81	3	2635	18.3	30 	 0.4
smo9:		 4	120	74	81	3	2635	18.3	30 	 0.4
smo9:		 4	120	74	81	3	2635	18.3	30 	 0.4
#
any50:		 8	454	220	70	1	4354	9	10 	 0.91
any50:		 4	151	84	81	1	2635	16.4	30 	 0.44
any50:		 8	351	142	79	1	4054	14.3	20 	 0.69
any50:		 4	68	49	73	2	1867	19.5	30 	 0.34
any50:		 4	135	84	81	1	2385	12.9	30 	 0.52
any50:		 4	89	71	79	2	1925	14	30 	 0.47
any50:		 6	250	72	75	1	3158	19.5	20 	 0.53
any50:		 6	231	110	81	1	3415	15.8	20 	 0.61
any50:		 6	231	105	78	1	3380	15.8	20 	 0.61
any50:		 4	97	88	72	3	2100	16.5	30 	 0.41
any50:		 6	225	100	76	1	3651	17.7	20 	 0.6
any50:		 6	168	132	80	3	2910	11.4	30 	 0.58
any50:		 6	200	85	78	1	3070	16.7	20 	 0.57
any50:		 4	98	68	77	3	2045	18.5	30 	 0.37
any50:		 8	400	175	72	1	4385	12	10 	 0.86
any50:		 4	108	75	81	3	2350	16.8	30 	 0.42
any50:		 4	141	80	81	2	3230	20.4	30 	 0.42
any50:		 6	198	95	70	1	2833	15.5	20 	 0.57
any50:		 4	91	69	79	2	2130	14.7	40 	 0.39
any50:		 4	91	67	80	3	1850	13.8	40 	 0.41
any50:		 8	351	153	72	1	4129	13	10 	 0.82
any50:		 4	120	88	82	3	2160	14.5	40 	 0.39
any50:		 4	85	52	76	1	2035	22.2	30 	 0.31
any50:		 6	232	100	73	1	2789	15	20 	 0.58
any50:		 4	90	70	76	2	1937	14.2	30 	 0.47
any50:		 4	97	60	71	2	1834	19	30 	 0.35
any50:		 4	91	53	76	3	1795	17.4	30 	 0.39
any50:		 4	97	75	77	3	2265	18.2	30 	 0.38
any50:		 4	108	75	80	3	2265	15.2	30 	 0.45
any50:		 4	105	70	79	1	2200	13.2	30 	 0.5
any50:		 8	351	158	73	1	4363	13	10 	 0.84
any50:		 6	250	98	77	1	3525	19	20 	 0.57
any50:		 4	101	83	76	2	2202	15.3	30 	 0.45
any50:		 4	97	78	80	2	2188	15.8	30 	 0.43
any50:		 4	107	72	80	3	2290	17	30 	 0.41
any50:		 8	260	90	79	1	3420	22.2	20 	 0.53
any50:		 4	90	75	74	2	2108	15.5	20 	 0.54
any50:		 4	114	91	73	2	2582	14	20 	 0.59
any50:		 4	105	74	81	2	2190	14.2	30 	 0.47
any50:		 4	151	90	79	1	2556	13.2	30 	 0.52
any50:		 4	122	88	80	2	2500	15.1	40 	 0.39
any50:		 4	140	92	76	1	2572	14.9	30 	 0.47
any50:		 6	231	165	78	1	3445	13.4	20 	 0.66
any50:		 4	98	63	77	1	2051	17	30 	 0.4
any50:		 4	151	90	80	1	2678	16.5	30 	 0.44
any50:		 4	112	85	82	1	2575	16.2	30 	 0.44
any50:		 4	151	85	78	1	2855	17.6	20 	 0.54
any50:		 8	260	110	77	1	4060	19	20 	 0.62
any50:		 6	199	97	70	1	2774	15.5	20 	 0.57
any50:		 3	70	97	72	3	2330	13.5	20 	 0.59
#
100%:		 4	97	52	82	2	2130	24.6	40 	 0.17



TASK-2:


date: 03/03/24 14:58:22
file: ../data/auto93.csv
repeats : 20
seed: 80
rows: 398
cols: 8
best: 0.17
tiny: 0.06
#base #bonr9 #rand9 #bonr15 #rand15 #bonr20 #rand20 #rand358 
#
 0,              rand358,  0.17,  0.00, *                   |                   ,  0.17,  0.93
#
 1,               rand20,  0.28,  0.06,     -*--            |                   ,  0.17,  0.93
#
 2,               rand15,  0.31,  0.12,     ---*---         |                   ,  0.17,  0.93
 2,               bonr20,  0.31,  0.11,     ---*--          |                   ,  0.17,  0.93
#
 3,                bonr9,  0.35,  0.12,      ----*-         |                   ,  0.17,  0.93
 3,               bonr15,  0.35,  0.11,      ----*-         |                   ,  0.17,  0.93
 3,                rand9,  0.36,  0.10,        ---*-        |                   ,  0.17,  0.93
#
 4,                 base,  0.55,  0.20,              -------*---                ,  0.17,  0.93
