#best, mid
0.19 0.43
0.33 0.42
0.25 0.43
0.39 0.43
0.38 0.43
0.19 0.43
0.31 0.42
0.25 0.43
0.34 0.43
0.38 0.43
0.17 0.43
0.17 0.44
0.38 0.43
0.2 0.43
0.39 0.43
0.19 0.43
0.33 0.52
0.4 0.43
0.37 0.43
0.19 0.43

1. top6 Average:
[3401.17, 13.97, 18.33]
1. top6 Average:
[2502.17, 16.33, 26.67]
1. top6 Average:
[2764.0, 14.58, 28.33]
1. top6 Average:
[2707.0, 14.83, 21.67]
1. top6 Average:
[2870.0, 14.35, 25.0]
1. top6 Average:
[2926.67, 15.73, 25.0]
1. top6 Average:
[2208.17, 15.85, 35.0]
1. top6 Average:
[3185.67, 14.3, 23.33]
1. top6 Average:
[2919.33, 14.45, 23.33]
1. top6 Average:
[3234.33, 15.08, 21.67]
1. top6 Average:
[2842.17, 16.03, 23.33]
1. top6 Average:
[2969.83, 15.57, 25.0]
1. top6 Average:
[2234.83, 16.2, 30.0]
1. top6 Average:
[2615.67, 16.07, 25.0]
1. top6 Average:
[3338.83, 15.52, 23.33]
1. top6 Average:
[2725.33, 16.12, 28.33]
1. top6 Average:
[2813.5, 16.48, 26.67]
1. top6 Average:
[2673.17, 17.87, 25.0]
1. top6 Average:
[2965.5, 17.37, 26.67]
1. top6 Average:
[2743.0, 16.9, 26.67]

2. top50 Average:
[2961.3, 14.88, 23.8]
2. top50 Average:
[2961.92, 15.13, 24.0]
2. top50 Average:
[2786.64, 15.78, 27.0]
2. top50 Average:
[2976.4, 16.13, 23.8]
2. top50 Average:
[2728.0, 15.82, 25.8]
2. top50 Average:
[2886.86, 15.55, 25.2]
2. top50 Average:
[2898.54, 15.84, 24.6]
2. top50 Average:
[3279.34, 14.86, 21.0]
2. top50 Average:
[2879.88, 15.03, 24.6]
2. top50 Average:
[2808.12, 16.02, 25.6]
2. top50 Average:
[3184.86, 15.4, 21.8]
2. top50 Average:
[3080.4, 15.28, 23.6]
2. top50 Average:
[2991.02, 15.61, 24.0]
2. top50 Average:
[2821.92, 15.59, 24.2]
2. top50 Average:
[2931.28, 15.74, 25.0]
2. top50 Average:
[2972.68, 15.92, 24.2]
2. top50 Average:
[2813.56, 15.84, 25.4]
2. top50 Average:
[2860.44, 15.44, 24.2]
2. top50 Average:
[2876.0, 15.93, 25.4]
2. top50 Average:
[2931.8, 15.92, 24.0]

3. most:
[2130, 24.6, 40]
3. most:
[2130, 24.6, 40]
3. most:
[2130, 24.6, 40]
3. most:
[2130, 24.6, 40]
3. most:
[2130, 24.6, 40]
3. most:
[2130, 24.6, 40]
3. most:
[2130, 24.6, 40]
3. most:
[2130, 24.6, 40]
3. most:
[2130, 24.6, 40]
3. most:
[2130, 24.6, 40]
3. most:
[2130, 24.6, 40]
3. most:
[2130, 24.6, 40]
3. most:
[2130, 24.6, 40]
3. most:
[2130, 24.6, 40]
3. most:
[2130, 24.6, 40]
3. most:
[2130, 24.6, 40]
3. most:
[2130, 24.6, 40]
3. most:
[2130, 24.6, 40]
3. most:
[2130, 24.6, 40]
3. most:
[2130, 24.6, 40]

4. rand Average:
[2960.43, 15.64, 24.42]
4. rand Average:
[2930.52, 15.68, 23.88]
4. rand Average:
[2966.37, 15.51, 23.71]
4. rand Average:
[3023.97, 15.62, 23.47]
4. rand Average:
[2985.29, 15.59, 23.85]
4. rand Average:
[2919.46, 15.53, 23.64]
4. rand Average:
[2959.68, 15.67, 23.86]
4. rand Average:
[2964.51, 15.33, 23.5]
4. rand Average:
[3093.05, 15.49, 23.08]
4. rand Average:
[2881.7, 16.25, 24.79]
4. rand Average:
[2986.68, 15.25, 23.39]
4. rand Average:
[3048.34, 15.19, 23.15]
4. rand Average:
[2917.82, 15.79, 24.19]
4. rand Average:
[2986.78, 15.43, 23.03]
4. rand Average:
[3065.5, 15.43, 22.65]
4. rand Average:
[2898.98, 15.4, 25.03]
4. rand Average:
[2851.0, 15.51, 24.94]
4. rand Average:
[2988.42, 15.19, 23.1]
4. rand Average:
[2922.94, 15.39, 24.99]
4. rand Average:
[3032.31, 15.31, 24.24]

5. mid Average:
[2369.31, 16.42, 28.89]
5. mid Average:
[2330.65, 16.53, 29.36]
5. mid Average:
[2365.59, 16.54, 29.37]
5. mid Average:
[2542.46, 16.2, 26.98]
5. mid Average:
[2808.76, 15.78, 25.23]
5. mid Average:
[2322.22, 16.5, 29.3]
5. mid Average:
[2820.11, 15.64, 25.38]
5. mid Average:
[2374.51, 16.41, 28.95]
5. mid Average:
[2197.84, 15.51, 27.33]
5. mid Average:
[2380.28, 16.44, 28.81]
5. mid Average:
[2360.4, 16.39, 29.05]
5. mid Average:
[2377.53, 16.42, 28.81]
5. mid Average:
[2360.63, 16.3, 28.51]
5. mid Average:
[2448.15, 16.35, 28.27]
5. mid Average:
[2759.17, 15.61, 26.0]
5. mid Average:
[2650.92, 16.08, 26.55]
5. mid Average:
[2434.92, 16.45, 29.42]
5. mid Average:
[2347.17, 16.47, 29.07]

6. top Average:
[2431.25, 22.62, 37.5]
6. top Average:
[2019.0, 16.4, 40.0]
6. top Average:
[2082.19, 17.9, 40.0]
6. top Average:
[2586.0, 17.66, 27.5]
6. top Average:
[2189.0, 18.0, 30.0]
6. top Average:
[2079.25, 20.62, 33.12]
6. top Average:
[2125.0, 17.3, 40.0]
6. top Average:
[2175.62, 18.85, 38.75]
6. top Average:
[2311.38, 18.92, 30.0]
6. top Average:
[2189.0, 18.0, 30.0]
6. top Average:
[2110.94, 24.23, 40.0]
6. top Average:
[2102.81, 20.19, 31.88]
6. top Average:
[2070.94, 17.59, 30.62]
6. top Average:
[2038.12, 21.47, 38.12]
6. top Average:
[2307.0, 15.26, 30.62]
6. top Average:
[2417.88, 21.3, 35.0]
6. top Average:
[1835.0, 20.5, 30.0]
6. top Average:
[2527.12, 17.78, 23.12]
6. top Average:
[2325.62, 16.56, 33.75]
6. top Average:
[2212.5, 19.49, 35.62]
