Task 1:


Diabetes Dataset:
----------------------------------------------------
Class                         Count     Percentage
----------------------------------------------------
positive                      268       34.90%
negative                      500       65.10%

Soybean Dataset:
----------------------------------------------------
Class                         Count     Percentage
----------------------------------------------------
 diaporthe-stem-canker        20        2.93%
 charcoal-rot                 20        2.93%
 rhizoctonia-root-rot         20        2.93%
 phytophthora-rot             88        12.88%
 brown-stem-rot               44        6.44%
 powdery-mildew               20        2.93%
 downy-mildew                 20        2.93%
 brown-spot                   92        13.47%
 bacterial-blight             20        2.93%
 bacterial-pustule            20        2.93%
 purple-seed-stain            20        2.93%
 anthracnose                  44        6.44%
 phyllosticta-leaf-spot       20        2.93%
 alternarialeaf-spot          91        13.32%
 frog-eye-leaf-spot           91        13.32%
 diaporthe-pod-&-stem-blight  15        2.20%
 cyst-nematode                14        2.05%
 2-4-d-injury                 16        2.34%
 herbicide-injury             8         1.17%

Task 2:

Loading of files completed

row = ROW([1,87,78,27,32,34.6,0.101,22,"negative"]) 
liked1 = row.likes(data1) 
#('negative', 7.970983172335202e-20)

soyabean_row = ['july', 'normal', 'gt-norm', 'norm', 'yes', 'same-lst-yr', 'scattered', 'severe', 'none', '80-89', 'abnorm', 'abnorm', 'absent', 'dna', 'dna', 'absent', 'absent', 'absent', 'abnorm', 'yes', 'above-sec-nde', 'dna', 'present', 'firm-and-dry', 'absent', 'none', 'absent', 'norm', 'dna', 'norm', 'absent', 'absent', 'norm', 'absent', 'norm','diaporthe-stem-canker']
row = ROW(soyabean_row) 
liked2 = row.likes(data2) 
#('diaporthe-stem-canker', 1.9239137836110653e-06)

Task 3:

Accuracy for diabetes.csv:
73.35092348284961

Task 4:


Accuracies for soybean.csv with different k and m values:
----------------------------------------------------
k         m         Accuracy
----------------------------------------------------
0         0         4.61%
0         1         84.55%
0         2         80.98%
0         3         78.31%
----------------------------------------------------
1         0         4.46%
1         1         84.55%
1         2         81.43%
1         3         78.45%
----------------------------------------------------
2         0         4.61%
2         1         84.99%
2         2         81.58%
2         3         78.90%
----------------------------------------------------
3         0         4.61%
3         1         84.99%
3         2         81.87%
3         3         79.20%
----------------------------------------------------

